2019-10-02 20:25:11,915 - INFO : Number of clusters in a model: 6
2019-10-02 20:25:11,917 - INFO : Cluster center 0 : 
[0.97970045 0.68565325 0.26653566 0.09575311 0.07016042 0.08694469
 0.09116142 0.08615527 0.08332147 0.08263447 0.08370992 0.08545615
 0.08752107 0.09008191 0.09248652 0.09544611 0.09871766 0.10259941
 0.10733815 0.11255915 0.11890421 0.12602236 0.13437896 0.14453624
 0.15646949 0.17014929 0.18536399 0.20211028 0.22017392 0.23897943
 0.25715998 0.27360893 0.28693813 0.29583496 0.29884864 0.29528608
 0.28307725 0.26283228 0.2368764  0.2094923  0.18305264 0.15966481
 0.14048161 0.125368   0.11404985 0.1060019  0.10028485 0.09658887
 0.09451505 0.09292501 0.09251148 0.0922373  0.0921869  0.09262406
 0.09288072 0.09327692 0.09391238 0.0941852  0.09463528 0.09472729
 0.09470476 0.09428886 0.09376704 0.09310953 0.09213437 0.09142836
 0.09027123 0.08921488 0.08827864 0.08710265 0.08601159 0.08437804
 0.08261949 0.08128416 0.08008764 0.07917718 0.07820734 0.07761911
 0.07777901 0.0781447  0.07911326 0.08028553 0.08211454 0.08425633
 0.0866698  0.09066603 0.09609083 0.10073833 0.10429719 0.10358817
 0.09878293 0.09487979 0.09138855 0.08853156 0.08713837 0.08612386
 0.08466968 0.08416893 0.08300091 0.08110635 0.08132051 0.08230019
 0.08295962 0.08644065 0.09869448 0.12125477 0.14134433 0.15143572
 0.15482732 0.16159626 0.16801476 0.17420176 0.17998974 0.18703628
 0.19121688 0.18926743 0.18353686 0.17007801 0.15606946 0.14451473
 0.13869796 0.13764996 0.13840519 0.13766109 0.14038476 0.13875874
 0.1375345  0.13830096 0.14360112 0.1515287  0.15604374 0.16066939
 0.15033666 0.13284073 0.1188532  0.10727331 0.09794831 0.09169767
 0.07953321 0.067169   0.05745718 0.05088664 0.04977013 0.05400793
 0.05589252 0.05636473 0.05834615 0.05774247 0.0536892  0.04927001
 0.04238102 0.04025656 0.03870052 0.03700181 0.03395424 0.03428325
 0.02845153 0.02570261 0.02398719 0.02207317 0.01750904 0.0186521
 0.01647235 0.01538089 0.01344813 0.01220804 0.01026781 0.01069644
 0.01070217 0.01058224 0.01011265 0.01050524 0.00936695 0.00918772
 0.00791795 0.0083603  0.00701994 0.00560045 0.00390466 0.00413809
 0.00398151 0.00360155 0.00318574 0.00277414 0.00173018 0.00180639
 0.         0.        ]

2019-10-02 20:25:11,919 - INFO : Cluster center 1 : 
[9.80680882e-01 7.45762058e-01 3.66986507e-01 1.58712421e-01
 8.50778391e-02 9.86608044e-02 1.40026653e-01 1.58252574e-01
 1.59838808e-01 1.62569022e-01 1.65306254e-01 1.68545355e-01
 1.72220650e-01 1.75365345e-01 1.79320031e-01 1.83565890e-01
 1.87786547e-01 1.93275527e-01 1.98657411e-01 2.04974225e-01
 2.11714550e-01 2.19657625e-01 2.28750792e-01 2.39238823e-01
 2.51675896e-01 2.66233887e-01 2.82457994e-01 3.01105069e-01
 3.21032871e-01 3.42185233e-01 3.62943245e-01 3.82465547e-01
 3.97664036e-01 4.06452239e-01 4.08092563e-01 4.02961000e-01
 3.91133021e-01 3.72587611e-01 3.48779788e-01 3.22874196e-01
 2.96754558e-01 2.72626929e-01 2.51344211e-01 2.33232149e-01
 2.18465943e-01 2.06650347e-01 1.97754359e-01 1.91633938e-01
 1.87507786e-01 1.84938714e-01 1.83009051e-01 1.81586934e-01
 1.80929952e-01 1.80927323e-01 1.81022199e-01 1.81453808e-01
 1.81616660e-01 1.82262603e-01 1.82913030e-01 1.83486953e-01
 1.84265759e-01 1.83693123e-01 1.83838857e-01 1.82922981e-01
 1.82607992e-01 1.81484306e-01 1.80388942e-01 1.79140647e-01
 1.78294588e-01 1.77466237e-01 1.76763642e-01 1.75624051e-01
 1.75310122e-01 1.74140024e-01 1.73484969e-01 1.72632547e-01
 1.71819868e-01 1.71454240e-01 1.71556552e-01 1.71863899e-01
 1.72727898e-01 1.74487328e-01 1.75308224e-01 1.76621061e-01
 1.77584689e-01 1.78665584e-01 1.80379064e-01 1.82945518e-01
 1.86768451e-01 1.90193433e-01 1.90959369e-01 1.90362163e-01
 1.90831648e-01 1.91392506e-01 1.93362326e-01 1.92778699e-01
 1.90904502e-01 1.87423014e-01 1.83278605e-01 1.80531515e-01
 1.79692447e-01 1.77663636e-01 1.81817741e-01 1.91577987e-01
 2.07572916e-01 2.28400451e-01 2.44844711e-01 2.58281846e-01
 2.64054893e-01 2.61479110e-01 2.54271574e-01 2.41049567e-01
 2.35237319e-01 2.29075586e-01 2.21001540e-01 2.13384273e-01
 2.13690319e-01 2.27610239e-01 2.38421089e-01 2.44157099e-01
 2.41174638e-01 2.35725402e-01 2.30387185e-01 2.27930386e-01
 2.36623480e-01 2.49326377e-01 2.39006275e-01 2.17490210e-01
 1.97063168e-01 1.80683731e-01 1.65236123e-01 1.58577628e-01
 1.47627923e-01 1.41384778e-01 1.38435285e-01 1.37237459e-01
 1.37311860e-01 1.47080708e-01 1.45423563e-01 1.38515555e-01
 1.29453099e-01 1.18780863e-01 1.11077085e-01 1.11489533e-01
 1.01337907e-01 9.75679789e-02 9.13571416e-02 8.87579902e-02
 8.24071608e-02 8.01318280e-02 6.97101781e-02 5.84863432e-02
 5.48911093e-02 4.60639892e-02 3.72147093e-02 3.58618790e-02
 3.27354682e-02 3.09371639e-02 3.01226787e-02 2.48825467e-02
 1.97808695e-02 1.83000451e-02 1.75307798e-02 1.57288808e-02
 1.50533561e-02 1.42792952e-02 1.28726725e-02 1.32153212e-02
 7.89906021e-03 5.71556273e-03 5.66626656e-03 3.76923143e-03
 2.72643946e-03 2.70865541e-03 2.75894151e-03 2.76060168e-03
 2.38242021e-03 2.37781541e-03 1.50991899e-03 1.18820710e-03
 1.25256242e-03 1.32809237e-03 7.51455684e-04 8.04929664e-04
 0.00000000e+00 0.00000000e+00 0.00000000e+00 0.00000000e+00]

2019-10-02 20:25:11,921 - INFO : Cluster center 2 : 
[9.80892840e-01 7.22183501e-01 3.28114772e-01 1.44305294e-01
 1.12558082e-01 1.25933117e-01 1.31433524e-01 1.28601336e-01
 1.26920027e-01 1.27472395e-01 1.29475641e-01 1.31478312e-01
 1.34326229e-01 1.37820651e-01 1.41718797e-01 1.45698504e-01
 1.51083308e-01 1.57209559e-01 1.64105763e-01 1.72858961e-01
 1.82981272e-01 1.95143476e-01 2.09200419e-01 2.25600190e-01
 2.42736541e-01 2.60689731e-01 2.78749092e-01 2.96347484e-01
 3.11096478e-01 3.22665547e-01 3.27949563e-01 3.29235830e-01
 3.21834157e-01 3.06562069e-01 2.83411312e-01 2.56428419e-01
 2.28722215e-01 2.03433192e-01 1.83154860e-01 1.67693798e-01
 1.56689932e-01 1.49120872e-01 1.44100695e-01 1.41763184e-01
 1.39989725e-01 1.40175626e-01 1.39733852e-01 1.40391103e-01
 1.40975719e-01 1.41576631e-01 1.42849415e-01 1.44045012e-01
 1.45708212e-01 1.47437103e-01 1.48266732e-01 1.50169822e-01
 1.51386546e-01 1.52344568e-01 1.53637452e-01 1.52503555e-01
 1.50111607e-01 1.47291308e-01 1.44323581e-01 1.41717456e-01
 1.39572058e-01 1.38077447e-01 1.36906036e-01 1.36243986e-01
 1.35440576e-01 1.34648646e-01 1.33274057e-01 1.33774090e-01
 1.38346375e-01 1.50884334e-01 1.67941735e-01 1.81652120e-01
 1.89961028e-01 1.92874018e-01 1.93285441e-01 1.90110245e-01
 1.86510919e-01 1.85013467e-01 1.83876132e-01 1.78781647e-01
 1.68038025e-01 1.57494913e-01 1.47614421e-01 1.41711137e-01
 1.37293599e-01 1.36836002e-01 1.37734803e-01 1.43254690e-01
 1.54709663e-01 1.72593169e-01 1.91871417e-01 2.08156961e-01
 2.13751463e-01 2.14751453e-01 2.27987972e-01 2.38683622e-01
 2.45799715e-01 2.52877472e-01 2.57286550e-01 2.54378591e-01
 2.20509427e-01 1.69091210e-01 1.24865224e-01 1.05194776e-01
 1.00516298e-01 1.00752323e-01 9.98477278e-02 9.72139666e-02
 9.18690861e-02 9.17244879e-02 8.45344493e-02 7.84292177e-02
 7.53617941e-02 6.69976221e-02 5.43670627e-02 5.65270676e-02
 5.21288220e-02 3.89494672e-02 2.65346158e-02 1.77988615e-02
 1.29009364e-02 1.26206355e-02 5.86808830e-03 4.06410865e-03
 2.30900478e-03 1.56348796e-03 6.74526480e-04 6.96116224e-04
 4.06661004e-04 1.11370757e-04 1.09220552e-04 1.05384977e-04
 9.91416563e-05 9.82987096e-05 9.24334961e-05 8.80130400e-05
 9.52029601e-05 1.01360609e-04 1.08326306e-04 1.23651153e-04
 1.51669939e-04 1.56520340e-04 1.85657060e-04 2.05884654e-04
 2.63126367e-04 3.03701604e-04 3.25030740e-04 0.00000000e+00
 0.00000000e+00 0.00000000e+00 0.00000000e+00 0.00000000e+00
 0.00000000e+00 0.00000000e+00 0.00000000e+00 0.00000000e+00
 0.00000000e+00 0.00000000e+00 0.00000000e+00 0.00000000e+00
 0.00000000e+00 0.00000000e+00 0.00000000e+00 0.00000000e+00
 0.00000000e+00 0.00000000e+00 0.00000000e+00 0.00000000e+00
 0.00000000e+00 0.00000000e+00 0.00000000e+00 0.00000000e+00
 0.00000000e+00 0.00000000e+00 0.00000000e+00 0.00000000e+00
 0.00000000e+00 0.00000000e+00 0.00000000e+00 0.00000000e+00
 0.00000000e+00 0.00000000e+00 0.00000000e+00 0.00000000e+00]

2019-10-02 20:25:11,922 - INFO : Cluster center 3 : 
[9.74248783e-01 7.52173870e-01 3.37346535e-01 9.78524546e-02
 5.88444860e-02 1.97557456e-01 2.86645526e-01 3.11277805e-01
 3.30023826e-01 3.43025682e-01 3.50594214e-01 3.57352553e-01
 3.62591856e-01 3.67265652e-01 3.71411446e-01 3.76398092e-01
 3.82797720e-01 3.89682568e-01 3.98118351e-01 4.08180785e-01
 4.20244992e-01 4.34739585e-01 4.51978935e-01 4.73111925e-01
 4.98636191e-01 5.27466557e-01 5.58715249e-01 5.87970211e-01
 6.15024641e-01 6.37246664e-01 6.52958199e-01 6.60137947e-01
 6.52218001e-01 6.27334377e-01 5.89122149e-01 5.45596544e-01
 5.03372845e-01 4.66003333e-01 4.35816635e-01 4.10908932e-01
 3.91327385e-01 3.76328457e-01 3.63444222e-01 3.53494304e-01
 3.46016423e-01 3.40477197e-01 3.36834499e-01 3.34644131e-01
 3.33367482e-01 3.34014430e-01 3.34540974e-01 3.35769498e-01
 3.36895192e-01 3.39381671e-01 3.40836727e-01 3.41319752e-01
 3.42150002e-01 3.42689622e-01 3.42680291e-01 3.41960241e-01
 3.40347904e-01 3.40052050e-01 3.37505380e-01 3.35615286e-01
 3.33007559e-01 3.31570178e-01 3.28983099e-01 3.26755899e-01
 3.25763537e-01 3.23188255e-01 3.21949979e-01 3.21299069e-01
 3.25085904e-01 3.28086543e-01 3.27010996e-01 3.23155805e-01
 3.17734254e-01 3.15950086e-01 3.16085317e-01 3.17967129e-01
 3.20190955e-01 3.23744614e-01 3.26635262e-01 3.27283741e-01
 3.26131101e-01 3.27018764e-01 3.29400831e-01 3.33322037e-01
 3.35847289e-01 3.36973558e-01 3.38659529e-01 3.41150106e-01
 3.43204558e-01 3.41461685e-01 3.40945912e-01 3.41765452e-01
 3.43029919e-01 3.45997108e-01 3.45894787e-01 3.43087598e-01
 3.40304087e-01 3.43411822e-01 3.51364729e-01 3.62013471e-01
 3.72559840e-01 3.73683514e-01 3.68296496e-01 3.63610661e-01
 3.53757149e-01 3.49436995e-01 3.50429265e-01 3.59563135e-01
 3.71463976e-01 3.74183350e-01 3.65013304e-01 3.56358170e-01
 3.50506035e-01 3.45416536e-01 3.50041429e-01 3.61974570e-01
 3.74012639e-01 3.78812152e-01 3.64935801e-01 3.52896819e-01
 3.41268470e-01 3.22017459e-01 2.94228739e-01 2.75835584e-01
 2.63747221e-01 2.48451683e-01 2.38338706e-01 2.46152487e-01
 2.24024329e-01 1.96591444e-01 1.86524348e-01 1.62172114e-01
 1.58227275e-01 1.51640104e-01 1.39908820e-01 1.28553266e-01
 1.19556918e-01 9.10178879e-02 8.02496175e-02 8.12907826e-02
 6.60281492e-02 5.72954294e-02 3.85548087e-02 2.49916979e-02
 1.68269718e-02 1.77530067e-02 7.44251073e-03 4.20523480e-03
 1.22424145e-03 4.16261521e-04 3.32055961e-04 6.19625930e-04
 7.34018428e-04 7.11775432e-04 5.91027823e-04 0.00000000e+00
 0.00000000e+00 0.00000000e+00 0.00000000e+00 0.00000000e+00
 0.00000000e+00 0.00000000e+00 0.00000000e+00 0.00000000e+00
 0.00000000e+00 0.00000000e+00 0.00000000e+00 0.00000000e+00
 0.00000000e+00 0.00000000e+00 0.00000000e+00 0.00000000e+00
 0.00000000e+00 0.00000000e+00 0.00000000e+00 0.00000000e+00
 0.00000000e+00 0.00000000e+00 0.00000000e+00 0.00000000e+00
 0.00000000e+00 0.00000000e+00 0.00000000e+00 0.00000000e+00]

2019-10-02 20:25:11,925 - INFO : Cluster center 4 : 
[0.98226194 0.59926487 0.20832775 0.06647968 0.10959091 0.20736567
 0.25324161 0.25447484 0.25998234 0.26450798 0.27031974 0.27630655
 0.28027266 0.28622304 0.29019507 0.29687746 0.3027845  0.30910138
 0.31795569 0.3265707  0.3391886  0.35010942 0.36369949 0.38138961
 0.40121232 0.42309015 0.44334377 0.46304429 0.48042384 0.49244801
 0.49663646 0.49346019 0.48122707 0.45949377 0.43038586 0.40145555
 0.37304803 0.34899661 0.33123247 0.31852385 0.31119608 0.30546023
 0.30094191 0.30064127 0.30032849 0.30034939 0.30243008 0.30523592
 0.31047429 0.31376722 0.31915933 0.3233     0.32586604 0.3300162
 0.33086108 0.33139453 0.32983641 0.32833139 0.32596716 0.32422838
 0.32419259 0.32617073 0.32807658 0.33272949 0.33466605 0.33538735
 0.3356904  0.33194183 0.32968357 0.33072091 0.33994296 0.35526363
 0.35043276 0.33962014 0.33421066 0.32468852 0.31708254 0.31679499
 0.32114117 0.32105748 0.31137124 0.2956602  0.28635492 0.28558195
 0.30105042 0.31653261 0.31675523 0.31101535 0.28573654 0.24408747
 0.21932304 0.22086613 0.21916061 0.21601604 0.2050546  0.21351498
 0.21409496 0.21340858 0.22676474 0.22121706 0.20768727 0.19206199
 0.16551428 0.15210206 0.12821947 0.1046912  0.09494792 0.09844645
 0.09511901 0.08563023 0.08531372 0.07892216 0.08041145 0.08302464
 0.07779245 0.0635491  0.05868564 0.0507319  0.03078316 0.02969872
 0.02594358 0.0152058  0.00549612 0.00317154 0.00354131 0.00269502
 0.         0.         0.         0.         0.         0.
 0.         0.         0.         0.         0.         0.
 0.         0.         0.         0.         0.         0.
 0.         0.         0.         0.         0.         0.
 0.         0.         0.         0.         0.         0.
 0.         0.         0.         0.         0.         0.
 0.         0.         0.         0.         0.         0.
 0.         0.         0.         0.         0.         0.
 0.         0.         0.         0.         0.         0.
 0.         0.         0.         0.         0.         0.
 0.         0.        ]

2019-10-02 20:25:11,927 - INFO : Cluster center 5 : 
[0.97100406 0.87149332 0.46065555 0.11056211 0.07537077 0.23985045
 0.33015869 0.37617158 0.39675215 0.40771906 0.4131117  0.41908141
 0.42504187 0.42802172 0.43196817 0.43447433 0.43763788 0.44035591
 0.44444164 0.44863654 0.4522957  0.45840107 0.46457872 0.47418049
 0.48338847 0.49371413 0.50751532 0.52199844 0.53597465 0.55035514
 0.56236019 0.57416531 0.58067188 0.58321989 0.58118706 0.57279061
 0.56318512 0.55139412 0.54252473 0.53454748 0.52530989 0.51395742
 0.49886931 0.48129195 0.46240661 0.44303208 0.42632599 0.41317781
 0.40172994 0.39380482 0.38771009 0.38592627 0.38533823 0.38674274
 0.38893051 0.39156174 0.39405624 0.39828258 0.40306285 0.40600748
 0.40822624 0.40966773 0.4103729  0.41060969 0.40755228 0.40626183
 0.4033371  0.40023245 0.3963212  0.39260781 0.38979761 0.38718397
 0.38444529 0.38066303 0.37963692 0.37704686 0.37604647 0.37459114
 0.372797   0.37229204 0.37099866 0.37196429 0.37048535 0.37013462
 0.36922979 0.37025467 0.36953564 0.37048196 0.37527593 0.37320435
 0.37045963 0.37164242 0.3724902  0.37503851 0.3749946  0.37534756
 0.37470885 0.37537543 0.37788729 0.37984375 0.38125837 0.37658495
 0.37492612 0.37539176 0.38175697 0.38630703 0.39223039 0.39136586
 0.3928318  0.39581921 0.39640873 0.39810954 0.40185077 0.40589228
 0.40224557 0.39292388 0.38321808 0.37328424 0.36657748 0.36856072
 0.37560754 0.39117472 0.40380892 0.40147632 0.40727292 0.42894351
 0.443257   0.43767815 0.42545438 0.41840548 0.43526219 0.46716722
 0.48171247 0.46387387 0.43634572 0.42459273 0.42442573 0.43551863
 0.4417034  0.4374008  0.43851172 0.41194756 0.4018492  0.40955168
 0.40920561 0.40529954 0.40319675 0.35741538 0.35545635 0.35736962
 0.3344699  0.32191721 0.32271454 0.31729585 0.30925703 0.31260831
 0.25773245 0.198059   0.16554395 0.13104976 0.11988976 0.12150634
 0.08453158 0.04895124 0.03926746 0.00414202 0.00417408 0.00410107
 0.00409833 0.0040973  0.00417717 0.00400891 0.00431741 0.00455129
 0.00467961 0.00525735 0.00558563 0.00538489 0.00577019 0.
 0.         0.         0.         0.         0.         0.
 0.         0.        ]

